<?xml version="1.0" encoding="UTF-8" ?>
<testsuite failures="0" time="9.031" errors="1" skipped="0" tests="1" name="com.vrv.cems.service.localtest.TestSendUDP">
  <properties>
[...]
</properties>
  <testcase time="9.031" classname="com.vrv.cems.service.localtest.TestSendUDP" name="testSendUDP">
    <error type="java.lang.NullPointerException">java.lang.NullPointerException
	at java.lang.String.&lt;init&gt;(String.java:556)
	at com.vrv.cems.service.localtest.TestSendUDP.testSendUDP(TestSendUDP.java:102)
	at sun.reflect.NativeMethodAccessorImpl.invoke0(Native Method)
	at sun.reflect.NativeMethodAccessorImpl.invoke(NativeMethodAccessorImpl.java:57)
	at sun.reflect.DelegatingMethodAccessorImpl.invoke(DelegatingMethodAccessorImpl.java:43)
	at java.lang.reflect.Method.invoke(Method.java:606)
	at org.junit.runners.model.FrameworkMethod$1.runReflectiveCall(FrameworkMethod.java:47)
	at org.junit.internal.runners.model.ReflectiveCallable.run(ReflectiveCallable.java:12)
	at org.junit.runners.model.FrameworkMethod.invokeExplosively(FrameworkMethod.java:44)
	at org.junit.internal.runners.statements.InvokeMethod.evaluate(InvokeMethod.java:17)
	at org.junit.runners.ParentRunner.runLeaf(ParentRunner.java:271)
	at org.junit.runners.BlockJUnit4ClassRunner.runChild(BlockJUnit4ClassRunner.java:70)
	at org.junit.runners.BlockJUnit4ClassRunner.runChild(BlockJUnit4ClassRunner.java:50)
	at org.junit.runners.ParentRunner$3.run(ParentRunner.java:238)
	at org.junit.runners.ParentRunner$1.schedule(ParentRunner.java:63)
	at org.junit.runners.ParentRunner.runChildren(ParentRunner.java:236)
	at org.junit.runners.ParentRunner.access$000(ParentRunner.java:53)
	at org.junit.runners.ParentRunner$2.evaluate(ParentRunner.java:229)
	at org.junit.runners.ParentRunner.run(ParentRunner.java:309)
	at org.apache.maven.surefire.junit4.JUnit4Provider.execute(JUnit4Provider.java:252)
	at org.apache.maven.surefire.junit4.JUnit4Provider.executeTestSet(JUnit4Provider.java:141)
	at org.apache.maven.surefire.junit4.JUnit4Provider.invoke(JUnit4Provider.java:112)
	at sun.reflect.NativeMethodAccessorImpl.invoke0(Native Method)
	at sun.reflect.NativeMethodAccessorImpl.invoke(NativeMethodAccessorImpl.java:57)
	at sun.reflect.DelegatingMethodAccessorImpl.invoke(DelegatingMethodAccessorImpl.java:43)
	at java.lang.reflect.Method.invoke(Method.java:606)
	at org.apache.maven.surefire.util.ReflectionUtils.invokeMethodWithArray(ReflectionUtils.java:189)
	at org.apache.maven.surefire.booter.ProviderFactory$ProviderProxy.invoke(ProviderFactory.java:165)
	at org.apache.maven.surefire.booter.ProviderFactory.invokeProvider(ProviderFactory.java:85)
	at org.apache.maven.surefire.booter.ForkedBooter.runSuitesInProcess(ForkedBooter.java:115)
	at org.apache.maven.surefire.booter.ForkedBooter.main(ForkedBooter.java:75)
</error>
    <system-out>���������Ϊ
��ͷ+���������Ϊpde_&amp;#1;&amp;#1;&amp;#1;&amp;#1;?&amp;#0;&amp;#0;1��?���Ǟ�?@�_s&amp;#21;?&amp;#1;&amp;#0;&amp;#0;&amp;#0;&amp;#0;&amp;#4;&amp;#1;&amp;#0;4&amp;#8;&amp;#0;&amp;#0;4&amp;#0;&amp;#1;&amp;#0;&amp;#1;&amp;#0;&amp;#1;&amp;#0;{&quot;minCode&quot;:&quot;1&quot;,&quot;blockHostNum&quot;:&quot;&quot;,&quot;maxCode&quot;:&quot;00010400&quot;,&quot;jdata&quot;:[{&quot;blockRuleType&quot;:&quot;&quot;,&quot;blockIp&quot;:&quot;192.168.131.81:abcd0e123231;&quot;,&quot;blockTime&quot;:&quot;&quot;,&quot;blockState&quot;:&quot;&quot;,&quot;ip&quot;:&quot;&quot;}]}
</system-out>
  </testcase>
</testsuite>